<?xml version="1.0"?>
<style> <!-- name="atm" ncolumns="3" xmlns="http://www.scielo.org.mx" -->
  <global>
    <rule name="RemoveHeaders0" expectedMatches="unbounded">
      <regexp>[\n]+[\u000c]+[0-9]+[ ]*[ #{ALET}#{ASYM}#{APUC}]+[\n]+</regexp>
      <sust>\n</sust>
    </rule>
    <rule name="RemoveHeaders1" expectedMatches="unbounded">
      <depends>
        <depend>RemoveHeaders</depend>
      </depends>
      <regexp>[\n]+[\u000c]+[ ]*[0-9 #{ALET}#{ASYM}#{APUC}]+[ ]*[\n]*[0-9]*[\n]+</regexp>
      <sust>\n</sust>
    </rule>
    <rule name="MarkResumen">
      <regexp>[\n]+[ ]+RESUMEN[\n]+</regexp>
      <sust>\n[res] Resumen [/res]\n</sust>
    </rule>
    <rule name="MarkAbstract">
      <regexp>[\n]+[ ]+ABSTRACT[\n]+</regexp>
      <sust>\n[abs] Abstract [/abs]\n</sust>
    </rule>
    <rule name="MarkReferences">
      <regexp>[\n]+References\n</regexp>
      <sust>\n[ref] References [/ref]\n</sust>
    </rule>
    <rule name="MarkAcknowledge">
      <regexp>[\n]+[ ]*(Acknowledgement|Acknowledgment)[s]?\n</regexp>
      <sust>\n[ack] Acknowledgements [/ack]\n</sust>
    </rule>
    <rule name="MarkKeyword">
      <regexp>[\n]+(Key words|Keywords|Keyword|Key word):[ ]+[ #{ALET}#{APUC}\n]+?[\n]+</regexp>
      <sust>#{Result}</sust>
      <modifiers>
        <modifier name="Trim"/>
        <modifier name="Concat">
          <param name="prefix" value="\n[key] "/>
          <param name="postfix" value=" [/key]\n\n"/>
        </modifier>
      </modifiers>
    </rule>
  </global>
  <front>
    <rule name="MarkTitle">
      <regexp>^Atm.*[\n ]+(?&lt;Result&gt;[^|]+?)\n[\n]+</regexp>
      <sust>#{Result}</sust>
      <modifiers>
        <modifier name="Concat">
          <param name="prefix" value="[title] "/>
          <param name="postfix" value=" [/title]\n"/>
        </modifier>
      </modifiers>
    </rule>
    <rule name="MarkDate">
      <regexp>\n[ ]+(?&lt;Result&gt;Received.*)\n</regexp>
      <sust>#{Result}</sust>
      <modifiers>
        <modifier name="Concat">
          <param name="prefix" value="\n[date] "/>
          <param name="postfix" value=" [/date]\n"/>
        </modifier>
      </modifiers>
    </rule>
    <rule name="MarkAuthors" expectedMatches="unbounded">
      <regexp>[ ]*(?&lt;Result&gt;(([A-Z]{1,2}\. ([A-Z]{1,2}[.]? )*[-A-Z][-a-zA-Z&amp;;]+( [-a-zA-Z&amp;;]+)?)(, | and )?)+)[\n]+</regexp>
      <sust>#{result}</sust>
      <modifiers>
        <modifier name="Concat">
          <param name="prefix" value="[author] "/>
          <param name="postfix" value=" [/author]\n"/>
        </modifier>
      </modifiers>
    </rule>
    <rule name="MarAff" expectedMatches="unbounded">
      <depends>
        <depend>MarkAuthors</depend>
        <depend>MarkDate</depend>
      </depends>
      <regexp>\[/author\]\n(?&lt;Result&gt;(.|\n)+?)(\[author\]|\[date\]|\[res\])</regexp>
      <sust>#{Result}</sust>
      <modifiers>
        <modifier name="LastIndexOf" return="rindex" target="result">
          <param name="string" value="["/>
        </modifier>
        <modifier name="Substring" return="tag" target="result">
          <param name="index" value="rindex"/>
        </modifier>
        <modifier name="Trim"/>
        <modifier name="Concat">
          <param name="prefix" value="[/author]\n[aff] "/>
          <param name="postfix" value=" [/aff]\n"/>
        </modifier>
        <modifier name="Concat">
          <param name="postfix" value="#{tag}"/>
        </modifier>
      </modifiers>
    </rule>
  </front>
  <body>
    <rule name="RemoveExtras" expectedMatches="unbounded">
      <regexp>\n[ ]*[-0-9.]+\n</regexp>
      <sust>\n</sust>
    </rule>
    <rule name="MarkSections" expectedMatches="unbounded">
      <regexp>[\n]+[0-9]+[.][ ].*\n</regexp>
      <sust>#{Result}</sust>
      <modifiers>
        <modifier name="Trim"/>
        <modifier name="Concat">
          <param name="prefix" value="\n[sec] "/>
          <param name="postfix" value=" [/sec]\n"/>
        </modifier>
      </modifiers>
    </rule>
    <rule name="MarkSubSections" expectedMatches="unbounded">
      <regexp>[\n]+[ ]*[0-9][.][0-9]+[.]*[ ].*\n</regexp>
      <sust>#{Result}</sust>
      <modifiers>
        <modifier name="Trim"/>
        <modifier name="Concat">
          <param name="prefix" value="\n[subsec] "/>
          <param name="postfix" value=" [/subsec]\n"/>
        </modifier>
      </modifiers>
    </rule>
    <rule name="MarkAlternSubSections" expectedMatches="unbounded">
      <regexp>[\n]+[a-z]\) .*\n</regexp>
      <sust>#{Result}</sust>
      <modifiers>
        <modifier name="Trim"/>
        <modifier name="Concat">
          <param name="prefix" value="\n[subsec] "/>
          <param name="postfix" value=" [/subsec]\n"/>
        </modifier>
      </modifiers>
    </rule>
    <rule name="MarkSubSubSections" expectedMatches="unbounded">
      <regexp>[\n]+[0-9][.][0-9]+[.][0-9][.]*.*\n</regexp>
      <sust>#{Result}</sust>
      <modifiers>
        <modifier name="Trim"/>
        <modifier name="Concat">
          <param name="prefix" value="\n[subsubsec] "/>
          <param name="postfix" value=" [/subsubsec]\n"/>
        </modifier>
      </modifiers>
    </rule>
    <rule name="MarkStartParagraphs0" expectedMatches="unbounded">
      <regexp>[\n]+[ ]{3,5}(?&lt;Result&gt;[A-Zi].*)</regexp>
      <sust>#{Result}</sust>
      <modifiers>
        <modifier name="Concat">
          <param name="prefix" value="\n[para] "/>
        </modifier>
      </modifiers>
    </rule>
    <rule name="MarkStartParagraphs1" expectedMatches="unbounded">
      <depends>
        <depend>MarkSections</depend>
        <depend>MarkaAlternSubsections</depend>
        <depend>MarkSubSections</depend>
        <depend>MarkSubSubSections</depend>
      </depends>
      <regexp>(\[sec\]|\[subsec\]|\[subsubsec\]).*\n</regexp>
      <sust>#{Result}</sust>
      <modifiers>
        <modifier name="Concat">
          <param name="prefix" value=" [/para]"/>
        </modifier>
      </modifiers>
    </rule>
    <rule name="MarkEndParagraphs" expectedMatches="unbounded">
      <depends>
        <depend>MarkStartParagraphs0</depend>
        <depend>MarkStartParagraphs1</depend>
        <depend>MarkSections</depend>
        <depend>MarkAlternSubSections</depend>
        <depend>MarkSubSections</depend>
        <depend>MarkSubSubSections</depend>
        <depend>MarkAcknowledge</depend>
      </depends>
      <regexp>\n(\[para\]|\[sec\]|\[subsec\]|\[subsubsec\]|\[ack\]).*</regexp>
      <sust>#{Result}</sust>
      <modifiers>
        <modifier name="Concat">
          <param name="postfix" value="[/para] "/>
        </modifier>
      </modifiers>
    </rule>
    <rule name="MarkStartFootFigure" expectedMatches="unbounded">
      <regexp>[\n]+[ ]*(?&lt;Result&gt;Fig[.][ ]?[0-9]+[.] .*)</regexp>
      <sust>#{Result}</sust>
      <modifiers>
        <modifier name="Concat">
          <param name="prefix" value="\n[fig] "/>
        </modifier>
      </modifiers>
    </rule>
    <rule name="MarkEndFootFigure" expectedMatches="unbounded">
    <depends>
      <depend>MarkStartFootFigure</depend>
    </depends>
      <regexp>(?&lt;Result&gt;\[fig\] Fig[.][ ]?[0-9]+[.] [-a-zA-Z0-9.,:;Â´&amp;#()/ \n\u00f6]*?[.])\n</regexp>
      <sust>#{Result}</sust>
      <modifiers>
        <modifier name="Concat">
          <param name="postfix" value=" [/fig]\n"/>
        </modifier>
      </modifiers>
    </rule>
  </body>
  <back>
    <rule name="MarkStartCitations" expectedMatches="unbounded">
      <regexp>[\n]+(?&lt;Result&gt;[A-Z].*)</regexp>
      <sust>#{Result}</sust>
      <modifiers>
        <modifier name="Concat">
          <param name="prefix" value="[cit] "/>
        </modifier>
      </modifiers>
    </rule>
    <rule name="MarkEndCitations" expectedMatches="unbounded">
      <regexp>[\n]+[A-Z].*</regexp>
      <sust>#{Result}</sust>
      <modifiers>
        <modifier name="TrimEnd" />
        <modifier name="Concat">
          <param name="postfix" value=" [/cit]\n"/>
        </modifier>
      </modifiers>
    </rule>
  </back>
</style>